# JRE version: OpenJDK Runtime Environment (8.0_152-b01) (build 1.8.0_152-release-915-b01)
# Java VM: OpenJDK Server VM (25.152-b01 mixed mode windows-x86 )
Heap:
 def new generation   total 30592K, used 23291K [0x10e00000, 0x12f30000, 0x26350000)
  eden space 27200K,  73% used [0x10e00000, 0x1216ee80, 0x12890000)
  from space 3392K, 100% used [0x12be0000, 0x12f30000, 0x12f30000)
  to   space 3392K,   0% used [0x12890000, 0x12890000, 0x12be0000)
 tenured generation   total 67848K, used 58502K [0x26350000, 0x2a592000, 0x50e00000)
   the space 67848K,  86% used [0x26350000, 0x29c71870, 0x29c71a00, 0x2a592000)
 Metaspace       used 44547K, capacity 46004K, committed 46080K, reserved 46464K
GC Heap History (10 events):
Event: 359.176 GC heap before
{Heap before GC invocations=91 (full 4):
 def new generation   total 30592K, used 29819K [0x10e00000, 0x12f30000, 0x26350000)
  eden space 27200K, 100% used [0x10e00000, 0x12890000, 0x12890000)
  from space 3392K,  77% used [0x12890000, 0x12b1ec18, 0x12be0000)
  to   space 3392K,   0% used [0x12be0000, 0x12be0000, 0x12f30000)
 tenured generation   total 67848K, used 49744K [0x26350000, 0x2a592000, 0x50e00000)
   the space 67848K,  73% used [0x26350000, 0x293e4240, 0x293e4400, 0x2a592000)
 Metaspace       used 42701K, capacity 44087K, committed 44160K, reserved 44416K
Event: 359.202 GC heap after
Heap after GC invocations=92 (full 4):
 def new generation   total 30592K, used 1311K [0x10e00000, 0x12f30000, 0x26350000)
  eden space 27200K,   0% used [0x10e00000, 0x10e00000, 0x12890000)
  from space 3392K,  38% used [0x12be0000, 0x12d27d18, 0x12f30000)
  to   space 3392K,   0% used [0x12890000, 0x12890000, 0x12be0000)
 tenured generation   total 67848K, used 51810K [0x26350000, 0x2a592000, 0x50e00000)
   the space 67848K,  76% used [0x26350000, 0x295e8928, 0x295e8a00, 0x2a592000)
 Metaspace       used 42701K, capacity 44087K, committed 44160K, reserved 44416K
}
Event: 359.764 GC heap before
{Heap before GC invocations=92 (full 4):
 def new generation   total 30592K, used 28511K [0x10e00000, 0x12f30000, 0x26350000)
  eden space 27200K, 100% used [0x10e00000, 0x12890000, 0x12890000)
  from space 3392K,  38% used [0x12be0000, 0x12d27d18, 0x12f30000)
  to   space 3392K,   0% used [0x12890000, 0x12890000, 0x12be0000)
 tenured generation   total 67848K, used 51810K [0x26350000, 0x2a592000, 0x50e00000)
   the space 67848K,  76% used [0x26350000, 0x295e8928, 0x295e8a00, 0x2a592000)
 Metaspace       used 42702K, capacity 44087K, committed 44160K, reserved 44416K
Event: 359.778 GC heap after
Heap after GC invocations=93 (full 4):
 def new generation   total 30592K, used 1808K [0x10e00000, 0x12f30000, 0x26350000)
  eden space 27200K,   0% used [0x10e00000, 0x10e00000, 0x12890000)
  from space 3392K,  53% used [0x12890000, 0x12a54270, 0x12be0000)
  to   space 3392K,   0% used [0x12be0000, 0x12be0000, 0x12f30000)
 tenured generation   total 67848K, used 51810K [0x26350000, 0x2a592000, 0x50e00000)
   the space 67848K,  76% used [0x26350000, 0x295e8928, 0x295e8a00, 0x2a592000)
 Metaspace       used 42702K, capacity 44087K, committed 44160K, reserved 44416K
}
Event: 364.445 GC heap before
{Heap before GC invocations=93 (full 4):
 def new generation   total 30592K, used 29008K [0x10e00000, 0x12f30000, 0x26350000)
  eden space 27200K, 100% used [0x10e00000, 0x12890000, 0x12890000)
  from space 3392K,  53% used [0x12890000, 0x12a54270, 0x12be0000)
  to   space 3392K,   0% used [0x12be0000, 0x12be0000, 0x12f30000)
 tenured generation   total 67848K, used 51810K [0x26350000, 0x2a592000, 0x50e00000)
   the space 67848K,  76% used [0x26350000, 0x295e8928, 0x295e8a00, 0x2a592000)
 Metaspace       used 42777K, capacity 44178K, committed 44288K, reserved 44416K
Event: 364.472 GC heap after
Heap after GC invocations=94 (full 4):
 def new generation   total 30592K, used 2462K [0x10e00000, 0x12f30000, 0x26350000)
  eden space 27200K,   0% used [0x10e00000, 0x10e00000, 0x12890000)
  from space 3392K,  72% used [0x12be0000, 0x12e47ba0, 0x12f30000)
  to   space 3392K,   0% used [0x12890000, 0x12890000, 0x12be0000)
 tenured generation   total 67848K, used 52915K [0x26350000, 0x2a592000, 0x50e00000)
   the space 67848K,  77% used [0x26350000, 0x296fcda8, 0x296fce00, 0x2a592000)
 Metaspace       used 42777K, capacity 44178K, committed 44288K, reserved 44416K
}
Event: 390.981 GC heap before
{Heap before GC invocations=94 (full 4):
 def new generation   total 30592K, used 29662K [0x10e00000, 0x12f30000, 0x26350000)
  eden space 27200K, 100% used [0x10e00000, 0x12890000, 0x12890000)
  from space 3392K,  72% used [0x12be0000, 0x12e47ba0, 0x12f30000)
  to   space 3392K,   0% used [0x12890000, 0x12890000, 0x12be0000)
 tenured generation   total 67848K, used 52915K [0x26350000, 0x2a592000, 0x50e00000)
   the space 67848K,  77% used [0x26350000, 0x296fcda8, 0x296fce00, 0x2a592000)
 Metaspace       used 43426K, capacity 44836K, committed 44928K, reserved 45440K
Event: 391.007 GC heap after
Heap after GC invocations=95 (full 4):
 def new generation   total 30592K, used 1698K [0x10e00000, 0x12f30000, 0x26350000)
  eden space 27200K,   0% used [0x10e00000, 0x10e00000, 0x12890000)
  from space 3392K,  50% used [0x12890000, 0x12a38b28, 0x12be0000)
  to   space 3392K,   0% used [0x12be0000, 0x12be0000, 0x12f30000)
 tenured generation   total 67848K, used 55340K [0x26350000, 0x2a592000, 0x50e00000)
   the space 67848K,  81% used [0x26350000, 0x2995b180, 0x2995b200, 0x2a592000)
 Metaspace       used 43426K, capacity 44836K, committed 44928K, reserved 45440K
}
Event: 393.836 GC heap before
{Heap before GC invocations=95 (full 4):
 def new generation   total 30592K, used 28898K [0x10e00000, 0x12f30000, 0x26350000)
  eden space 27200K, 100% used [0x10e00000, 0x12890000, 0x12890000)
  from space 3392K,  50% used [0x12890000, 0x12a38b28, 0x12be0000)
  to   space 3392K,   0% used [0x12be0000, 0x12be0000, 0x12f30000)
 tenured generation   total 67848K, used 55340K [0x26350000, 0x2a592000, 0x50e00000)
   the space 67848K,  81% used [0x26350000, 0x2995b180, 0x2995b200, 0x2a592000)
 Metaspace       used 43599K, capacity 45028K, committed 45056K, reserved 45440K
Event: 393.884 GC heap after
Heap after GC invocations=96 (full 4):
 def new generation   total 30592K, used 3392K [0x10e00000, 0x12f30000, 0x26350000)
  eden space 27200K,   0% used [0x10e00000, 0x10e00000, 0x12890000)
  from space 3392K, 100% used [0x12be0000, 0x12f30000, 0x12f30000)
  to   space 3392K,   0% used [0x12890000, 0x12890000, 0x12be0000)
 tenured generation   total 67848K, used 58502K [0x26350000, 0x2a592000, 0x50e00000)
   the space 67848K,  86% used [0x26350000, 0x29c71870, 0x29c71a00, 0x2a592000)
 Metaspace       used 43599K, capacity 45028K, committed 45056K, reserved 45440K
}

