# JRE version: OpenJDK Runtime Environment (8.0_152-b01) (build 1.8.0_152-release-915-b01)
# Java VM: OpenJDK Server VM (25.152-b01 mixed mode windows-x86 )
Heap:
 def new generation   total 30784K, used 22984K [0x11000000, 0x13160000, 0x26550000)
  eden space 27392K,  71% used [0x11000000, 0x123223f0, 0x12ac0000)
  from space 3392K, 100% used [0x12ac0000, 0x12e10000, 0x12e10000)
  to   space 3392K,   0% used [0x12e10000, 0x12e10000, 0x13160000)
 tenured generation   total 68116K, used 47374K [0x26550000, 0x2a7d5000, 0x51000000)
   the space 68116K,  69% used [0x26550000, 0x29393a80, 0x29393c00, 0x2a7d5000)
 Metaspace       used 41757K, capacity 43000K, committed 43136K, reserved 43392K
GC Heap History (10 events):
Event: 129.226 GC heap before
{Heap before GC invocations=80 (full 3):
 def new generation   total 20992K, used 20992K [0x11000000, 0x126c0000, 0x26550000)
  eden space 18688K, 100% used [0x11000000, 0x12240000, 0x12240000)
  from space 2304K, 100% used [0x12480000, 0x126c0000, 0x126c0000)
  to   space 2304K,   0% used [0x12240000, 0x12240000, 0x12480000)
 tenured generation   total 46376K, used 46142K [0x26550000, 0x2929a000, 0x51000000)
   the space 46376K,  99% used [0x26550000, 0x2925f830, 0x2925fa00, 0x2929a000)
 Metaspace       used 39436K, capacity 40662K, committed 40704K, reserved 41344K
Event: 129.591 GC heap after
Heap after GC invocations=81 (full 4):
 def new generation   total 30784K, used 0K [0x11000000, 0x13160000, 0x26550000)
  eden space 27392K,   0% used [0x11000000, 0x11000000, 0x12ac0000)
  from space 3392K,   0% used [0x12ac0000, 0x12ac0000, 0x12e10000)
  to   space 3392K,   0% used [0x12e10000, 0x12e10000, 0x13160000)
 tenured generation   total 68116K, used 40867K [0x26550000, 0x2a7d5000, 0x51000000)
   the space 68116K,  59% used [0x26550000, 0x28d38f18, 0x28d39000, 0x2a7d5000)
 Metaspace       used 39436K, capacity 40662K, committed 40704K, reserved 41344K
}
Event: 130.477 GC heap before
{Heap before GC invocations=81 (full 4):
 def new generation   total 30784K, used 27392K [0x11000000, 0x13160000, 0x26550000)
  eden space 27392K, 100% used [0x11000000, 0x12ac0000, 0x12ac0000)
  from space 3392K,   0% used [0x12ac0000, 0x12ac0000, 0x12e10000)
  to   space 3392K,   0% used [0x12e10000, 0x12e10000, 0x13160000)
 tenured generation   total 68116K, used 40867K [0x26550000, 0x2a7d5000, 0x51000000)
   the space 68116K,  59% used [0x26550000, 0x28d38f18, 0x28d39000, 0x2a7d5000)
 Metaspace       used 39513K, capacity 40758K, committed 40832K, reserved 41344K
Event: 130.484 GC heap after
Heap after GC invocations=82 (full 4):
 def new generation   total 30784K, used 624K [0x11000000, 0x13160000, 0x26550000)
  eden space 27392K,   0% used [0x11000000, 0x11000000, 0x12ac0000)
  from space 3392K,  18% used [0x12e10000, 0x12eac030, 0x13160000)
  to   space 3392K,   0% used [0x12ac0000, 0x12ac0000, 0x12e10000)
 tenured generation   total 68116K, used 40867K [0x26550000, 0x2a7d5000, 0x51000000)
   the space 68116K,  59% used [0x26550000, 0x28d38f18, 0x28d39000, 0x2a7d5000)
 Metaspace       used 39513K, capacity 40758K, committed 40832K, reserved 41344K
}
Event: 134.054 GC heap before
{Heap before GC invocations=82 (full 4):
 def new generation   total 30784K, used 28016K [0x11000000, 0x13160000, 0x26550000)
  eden space 27392K, 100% used [0x11000000, 0x12ac0000, 0x12ac0000)
  from space 3392K,  18% used [0x12e10000, 0x12eac030, 0x13160000)
  to   space 3392K,   0% used [0x12ac0000, 0x12ac0000, 0x12e10000)
 tenured generation   total 68116K, used 40867K [0x26550000, 0x2a7d5000, 0x51000000)
   the space 68116K,  59% used [0x26550000, 0x28d38f18, 0x28d39000, 0x2a7d5000)
 Metaspace       used 40109K, capacity 41347K, committed 41472K, reserved 42368K
Event: 134.084 GC heap after
Heap after GC invocations=83 (full 4):
 def new generation   total 30784K, used 3392K [0x11000000, 0x13160000, 0x26550000)
  eden space 27392K,   0% used [0x11000000, 0x11000000, 0x12ac0000)
  from space 3392K, 100% used [0x12ac0000, 0x12e10000, 0x12e10000)
  to   space 3392K,   0% used [0x12e10000, 0x12e10000, 0x13160000)
 tenured generation   total 68116K, used 40887K [0x26550000, 0x2a7d5000, 0x51000000)
   the space 68116K,  60% used [0x26550000, 0x28d3dec8, 0x28d3e000, 0x2a7d5000)
 Metaspace       used 40109K, capacity 41347K, committed 41472K, reserved 42368K
}
Event: 136.490 GC heap before
{Heap before GC invocations=83 (full 4):
 def new generation   total 30784K, used 30784K [0x11000000, 0x13160000, 0x26550000)
  eden space 27392K, 100% used [0x11000000, 0x12ac0000, 0x12ac0000)
  from space 3392K, 100% used [0x12ac0000, 0x12e10000, 0x12e10000)
  to   space 3392K,   0% used [0x12e10000, 0x12e10000, 0x13160000)
 tenured generation   total 68116K, used 40887K [0x26550000, 0x2a7d5000, 0x51000000)
   the space 68116K,  60% used [0x26550000, 0x28d3dec8, 0x28d3e000, 0x2a7d5000)
 Metaspace       used 40746K, capacity 41990K, committed 42112K, reserved 42368K
Event: 136.522 GC heap after
Heap after GC invocations=84 (full 4):
 def new generation   total 30784K, used 2204K [0x11000000, 0x13160000, 0x26550000)
  eden space 27392K,   0% used [0x11000000, 0x11000000, 0x12ac0000)
  from space 3392K,  64% used [0x12e10000, 0x130371a0, 0x13160000)
  to   space 3392K,   0% used [0x12ac0000, 0x12ac0000, 0x12e10000)
 tenured generation   total 68116K, used 43620K [0x26550000, 0x2a7d5000, 0x51000000)
   the space 68116K,  64% used [0x26550000, 0x28fe90b0, 0x28fe9200, 0x2a7d5000)
 Metaspace       used 40746K, capacity 41990K, committed 42112K, reserved 42368K
}
Event: 138.907 GC heap before
{Heap before GC invocations=84 (full 4):
 def new generation   total 30784K, used 29596K [0x11000000, 0x13160000, 0x26550000)
  eden space 27392K, 100% used [0x11000000, 0x12ac0000, 0x12ac0000)
  from space 3392K,  64% used [0x12e10000, 0x130371a0, 0x13160000)
  to   space 3392K,   0% used [0x12ac0000, 0x12ac0000, 0x12e10000)
 tenured generation   total 68116K, used 43620K [0x26550000, 0x2a7d5000, 0x51000000)
   the space 68116K,  64% used [0x26550000, 0x28fe90b0, 0x28fe9200, 0x2a7d5000)
 Metaspace       used 40937K, capacity 42153K, committed 42240K, reserved 42368K
Event: 138.952 GC heap after
Heap after GC invocations=85 (full 4):
 def new generation   total 30784K, used 3392K [0x11000000, 0x13160000, 0x26550000)
  eden space 27392K,   0% used [0x11000000, 0x11000000, 0x12ac0000)
  from space 3392K, 100% used [0x12ac0000, 0x12e10000, 0x12e10000)
  to   space 3392K,   0% used [0x12e10000, 0x12e10000, 0x13160000)
 tenured generation   total 68116K, used 47374K [0x26550000, 0x2a7d5000, 0x51000000)
   the space 68116K,  69% used [0x26550000, 0x29393a80, 0x29393c00, 0x2a7d5000)
 Metaspace       used 40937K, capacity 42153K, committed 42240K, reserved 42368K
}

